2021-08-28 23:30:21 INFO 9661 --- [SpringContextShutdownHook] o.s.s.c.ThreadPoolTaskExecutor           : Shutting down ExecutorService 'applicationTaskExecutor'
2021-08-28 23:30:21 INFO 9661 --- [SpringContextShutdownHook] j.LocalContainerEntityManagerFactoryBean : Closing JPA EntityManagerFactory for persistence unit 'default'
2021-08-28 23:30:21 INFO 9661 --- [SpringContextShutdownHook] .SchemaDropperImpl$DelayedDropActionImpl : HHH000477: Starting delayed evictData of schema as part of SessionFactory shut-down'
2021-08-28 23:30:21 INFO 9661 --- [SpringContextShutdownHook] c.z.h.HikariDataSource                   : HikariPool-1 - Shutdown initiated...
2021-08-28 23:30:21 INFO 9661 --- [SpringContextShutdownHook] c.z.h.HikariDataSource                   : HikariPool-1 - Shutdown completed.
2021-08-28 23:30:51 INFO 9850 --- [main] c.d.w.WebApplication                     : Starting WebApplication using Java 15.0.1 on Sandra with PID 9850 (/home/sandra/IdeaProjects/jjdzr3-d2c-webapp/target/classes started by sandra in /home/sandra/IdeaProjects/jjdzr3-d2c-webapp)
2021-08-28 23:30:51 DEBUG 9850 --- [main] c.d.w.WebApplication                     : Running with Spring Boot v2.4.5, Spring v5.3.6
2021-08-28 23:30:51 INFO 9850 --- [main] c.d.w.WebApplication                     : No active profile set, falling back to default profiles: default
2021-08-28 23:30:51 INFO 9850 --- [main] .s.d.r.c.RepositoryConfigurationDelegate : Bootstrapping Spring Data JPA repositories in DEFAULT mode.
2021-08-28 23:30:51 INFO 9850 --- [main] .s.d.r.c.RepositoryConfigurationDelegate : Finished Spring Data repository scanning in 3 ms. Found 0 JPA repository interfaces.
2021-08-28 23:30:52 INFO 9850 --- [main] o.s.b.w.e.t.TomcatWebServer              : Tomcat initialized with port(s): 8080 (http)
2021-08-28 23:30:52 INFO 9850 --- [main] o.a.c.h.Http11NioProtocol                : Initializing ProtocolHandler ["http-nio-8080"]
2021-08-28 23:30:52 INFO 9850 --- [main] o.a.c.c.StandardService                  : Starting service [Tomcat]
2021-08-28 23:30:52 INFO 9850 --- [main] o.a.c.c.StandardEngine                   : Starting Servlet engine: [Apache Tomcat/9.0.45]
2021-08-28 23:30:52 INFO 9850 --- [main] o.a.c.c.C.[.[.[/]                        : Initializing Spring embedded WebApplicationContext
2021-08-28 23:30:52 INFO 9850 --- [main] w.s.c.ServletWebServerApplicationContext : Root WebApplicationContext: initialization completed in 493 ms
2021-08-28 23:30:52 INFO 9850 --- [main] o.h.j.i.u.LogHelper                      : HHH000204: Processing PersistenceUnitInfo [name: default]
2021-08-28 23:30:52 INFO 9850 --- [main] o.h.Version                              : HHH000412: Hibernate ORM core version 5.4.30.Final
2021-08-28 23:30:52 INFO 9850 --- [main] o.h.a.c.Version                          : HCANN000001: Hibernate Commons Annotations {5.1.2.Final}
2021-08-28 23:30:52 INFO 9850 --- [main] c.z.h.HikariDataSource                   : HikariPool-1 - Starting...
2021-08-28 23:30:52 INFO 9850 --- [main] c.z.h.HikariDataSource                   : HikariPool-1 - Start completed.
2021-08-28 23:30:52 INFO 9850 --- [main] o.h.d.Dialect                            : HHH000400: Using dialect: org.hibernate.dialect.MySQL55Dialect
2021-08-28 23:30:52 INFO 9850 --- [main] o.h.e.t.j.p.i.JtaPlatformInitiator       : HHH000490: Using JtaPlatform implementation: [org.hibernate.engine.transaction.jta.platform.internal.NoJtaPlatform]
2021-08-28 23:30:52 INFO 9850 --- [main] j.LocalContainerEntityManagerFactoryBean : Initialized JPA EntityManagerFactory for persistence unit 'default'
2021-08-28 23:30:52 WARN 9850 --- [main] JpaBaseConfiguration$JpaWebConfiguration : spring.jpa.open-in-view is enabled by default. Therefore, database queries may be performed during view rendering. Explicitly configure spring.jpa.open-in-view to disable this warning
2021-08-28 23:30:52 INFO 9850 --- [main] o.s.s.c.ThreadPoolTaskExecutor           : Initializing ExecutorService 'applicationTaskExecutor'
2021-08-28 23:30:52 INFO 9850 --- [main] o.s.b.a.w.s.WelcomePageHandlerMapping    : Adding welcome page template: index
2021-08-28 23:30:52 INFO 9850 --- [main] o.a.c.h.Http11NioProtocol                : Starting ProtocolHandler ["http-nio-8080"]
2021-08-28 23:30:52 INFO 9850 --- [main] o.s.b.w.e.t.TomcatWebServer              : Tomcat started on port(s): 8080 (http) with context path ''
2021-08-28 23:30:52 INFO 9850 --- [main] c.d.w.WebApplication                     : Started WebApplication in 1.349 seconds (JVM running for 1.744)
2021-08-28 23:30:52 INFO 9850 --- [main] c.d.w.WebApplication                     : The application is running
